[2024-11-20T16:05:22.576995+01:00] product_service.WARNING: Product Not Found : product_id=33, Slug=%DA%AF%D9%88%D8%B4%DB%8C-%D9%85%D9%88%D8%A8%D8%A7%DB%8C%D9%84-%D8%B3%D8%A7%D9%85%D8%B3%D9%88%D9%86%DA%AF-%D9%85%D8%AF%D9%84-galaxy-s24-ultra-%D8%AF%D9%88-%D8%B3%DB%8C%D9%85-%DA%A9%D8%A7%D8%B1%D8%AA-%D8%B8%D8%B1%D9%81%DB%8C%D8%AA-256-%DA%AF%DB%8C%DA%AF%D8%A7%D8%A8%D8%A7%DB%8C%D8%AA-%D9%88-%D8%B1%D9%85-12-%DA%AF%DB%8C%DA%AF%D8%A7%D8%A8%D8%A7%DB%8C%D8%AA-%D9%88%DB%8C%D8%AA%D9%86%D8%A7%D9%85 [] []
[2024-11-20T16:05:56.500692+01:00] product_service.WARNING: Product Not Found : product_id=33, Slug= [] []
[2024-11-20T16:06:32.043800+01:00] product_service.WARNING: Product Not Found : product_id=33, Slug=%DA%AF%D9%88%D8%B4%DB%8C-%D9%85%D9%88%D8%A8%D8%A7%DB%8C%D9%84-%D8%B3%D8%A7%D9%85%D8%B3%D9%88%D9%86%DA%AF-%D9%85%D8%AF%D9%84-galaxy-s24-ultra-%D8%AF%D9%88-%D8%B3%DB%8C%D9%85-%DA%A9%D8%A7%D8%B1%D8%AA-%D8%B8%D8%B1%D9%81%DB%8C%D8%AA-256-%DA%AF%DB%8C%DA%AF%D8%A7%D8%A8%D8%A7%DB%8C%D8%AA-%D9%88-%D8%B1%D9%85-12-%DA%AF%DB%8C%DA%AF%D8%A7%D8%A8%D8%A7%DB%8C%D8%AA-%D9%88%DB%8C%D8%AA%D9%86%D8%A7%D9%85 [] []
[2024-11-20T16:40:59.863871+01:00] author_service.ERROR: Author not found: ID 2, Slug: %D8%B2%DB%8C%D9%86%D8%A8-%D8%A7%D8%AD%D9%85%D8%AF%DB%8C [] []
[2024-11-20T16:48:09.587674+01:00] author_service.ERROR: Author not found: ID 2, Slug: %D8%B2%DB%8C%D9%86%D8%A8-%D8%A7%D8%AD%D9%85%D8%AF%DB%8C [] []
[2024-11-20T16:56:37.050765+01:00] author_service.ERROR: Author not found: ID 12, Slug: %D8%B2%DB%8C%D9%86%D8%A8-%D8%A7%D8%AD%D9%85%D8%AF%DB%8C [] []
[2024-11-20T16:56:44.094889+01:00] author_service.ERROR: Author not found: ID 2, Slug: %D8%B2%DB%8C%D9%86s%D8%A8-%D8%A7%D8%AD%D9%85%D8%AF%DB%8C [] []
[2024-11-20T17:06:28.099058+01:00] blog_category_service.ERROR: Category not found: ID 22, Slug: %D8%B9%D9%85%D9%88%D9%85%DB%8C [] []
[2024-11-20T17:07:32.707185+01:00] blog_category_service.ERROR: Category not found: ID 22, Slug: %D8%B9%D9%85%D9%88%D9%85%DB%8C [] []
[2024-11-20T17:07:46.511580+01:00] blog_category_service.ERROR: Category not found: ID 2, Slug: %D8%B9%D9%85l%D9%88%D9%85%DB%8C [] []
[2024-11-20T17:08:59.685370+01:00] blog_category_service.ERROR: Category not found: ID 12, Slug: %D8%B9%D9%85%D9%88%D9%85%DB%8C [] []
[2024-11-20T17:09:13.239800+01:00] blog_category_service.ERROR: Category not found: ID 2, Slug: %D8%B9%D9%85d%D9%88%D9%85%DB%8C [] []
[2024-11-20T17:09:20.481523+01:00] blog_category_service.ERROR: Category not found: ID 1, Slug: %D8%B9%D9%85%D9%88%D9%85%DB%8C [] []
[2024-11-20T17:14:54.231622+01:00] blog_service.ERROR: Blog not found: ID 8, Slug: %D9%85%D9%82%D8%A7%D9%84%D9%87-%D8%A8%D8%B1%D8%A7%DB%8C-s-%D8%A7%D8%AD%D9%85%D8%AF%DB%8C [] []
[2024-11-20T17:15:00.488119+01:00] blog_service.ERROR: Blog not found: ID 8454, Slug: %D9%85%D9%82%D8%A7%D9%84%D9%87-%D8%A8%D8%B1%D8%A7%DB%8C-%D8%B2%DB%8C%D9%86%D8%A8-%D8%A7%D8%AD%D9%85%D8%AF%DB%8C [] []
[2024-11-20T17:20:45.945043+01:00] course_category_service.ERROR: Category not found: ID 12, Slug: %D9%81%D8%B1%D8%A7%D9%86%D8%AA-%D8%A7%D9%86%D8%AF [] []
[2024-11-20T17:20:51.068356+01:00] course_category_service.ERROR: Category not found: ID 1, Slug: %D9%81%D8%B1g%D8%A7%D9%86%D8%AA-%D8%A7%D9%86%D8%AF [] []
[2024-11-20T17:30:55.946620+01:00] course_service.ERROR: Course not found: ID 12, Slug: %D8%AF%D9%88%D8%B1%D9%87-%D8%A2%D9%85%D9%88%D8%B2%D8%B4%DB%8C-%D9%85%D8%AA%D8%AE%D8%B5%D8%B5-%D9%81%D8%B1%D8%A7%D9%86%D8%AA-%D8%A7%D9%86%D8%AF [] []
[2024-11-20T17:31:48.065920+01:00] course_service.ERROR: Course not found: ID 12, Slug: %D8%AF%D9%88%D8%B1%D9%87-%D8%A2%D9%85%D9%88%D8%B2%D8%B4%DB%8C-%D9%85%D8%AA%D8%AE%D8%B5%D8%B5-%D9%81%D8%B1%D8%A7%D9%86%D8%AA-%D8%A7%D9%86%D8%AF [] []
[2024-11-20T17:48:31.679791+01:00] course_service.ERROR: Course intro not found: ID 3 [] []
[2024-11-20T17:48:31.687733+01:00] course_service.ERROR: Course videos not found: ID 3 [] []
[2024-11-20T17:48:47.042802+01:00] teacher_service.ERROR: Teacher not found: ID 11, Slug: %D9%81%D8%B1%D9%87%D8%A7%D8%AF-%DA%A9%D8%A7%D8%B8%D9%85-%D8%B2%D8%A7%D8%AF%D9%87 [] []
[2024-11-20T17:48:51.413420+01:00] teacher_service.ERROR: Teacher not found: ID 1, Slug: %D9%81%D8%B1%D9%87%D8%A7%D8%AF-%DA%A9%D8%A7%D8%B8s%D9%85-%D8%B2%D8%A7%D8%AF%D9%87 [] []
[2024-11-20T17:52:22.071698+01:00] author_service.ERROR: Author not found: ID 21, Slug: %D8%B2%DB%8C%D9%86%D8%A8-%D8%A7%D8%AD%D9%85%D8%AF%DB%8C [] []
[2024-11-24T08:54:58.765959+01:00] course_service.ERROR: Course not found: ID 100, Slug: %D8%AF%D9%88%D8%B1%D9%87-%D8%A2%D9%85%D9%88%D8%B2%D8%B4%DB%8C-%D9%85%D8%AA%D8%AE%D8%B5%D8%B5-%D9%81%D8%B1%D8%A7%D9%86%D8%AA-%D8%A7%D9%86%D8%AF [] []
[2024-11-24T08:55:11.653997+01:00] course_service.ERROR: Course not found: ID 1, Slug: %D8%AF%D9%88%D8%B1%D9%87-%D8%A2%D9%85%D9%8855%D8%B2%D8%B4%DB%8C-%D9%85%D8%AA%D8%AE%D8%B5%D8%B5-%D9%81%D8%B1%D8%A7%D9%86%D8%AA-%D8%A7%D9%86%D8%AF [] []
[2024-11-24T09:05:28.022155+01:00] course_service.ERROR: Course not found: ID 11, Slug: %D8%AF%D9%88%D8%B1%D9%87-%D8%A2%D9%85%D9%88%D8%B2%D8%B4%DB%8C-%D9%85%D8%AA%D8%AE%D8%B5%D8%B5-%D9%81%D8%B1%D8%A7%D9%86%D8%AA-%D8%A7%D9%86%D8%AF [] []
[2024-11-24T09:05:40.622539+01:00] course_service.ERROR: Course not found: ID 11, Slug: %D8%AF%D9%88%D8%B1%D9%87-%D8%A2%D9%85%D9%88%D8%B2%D8%B4%DB%8C-%D9%85%D8%AA%D8%AE%D8%B5%D8%B5-%D9%81%D8%B1%D8%A7%D9%86%D8%AA-%D8%A7%D9%86%D8%AF [] []
[2024-11-24T09:05:54.293798+01:00] course_service.ERROR: Course not found: ID 1, Slug: %D8%AF%D9%88%D8%B1%D9%87-%D8%A2%D9%85%D9%88%D8%B2%D8%B4%DB%8C-%D9%85%D8%AA%D8%AEdsdssd%D8%B5%D8%B5-%D9%81%D8%B1%D8%A7%D9%86%D8%AA-%D8%A7%D9%86%D8%AF [] []
[2024-11-24T09:06:25.875558+01:00] course_service.ERROR: Course not found: ID 11, Slug: %D8%AF%D9%88%D8%B1%D9%87-%D8%A2%D9%85%D9%88%D8%B2%D8%B4%DB%8C-%D9%85%D8%AA%D8%AE%D8%B5%D8%B5-%D9%81%D8%B1%D8%A7%D9%86%D8%AA-%D8%A7%D9%86%D8%AF [] []
[2024-11-24T09:06:43.239667+01:00] blog_service.ERROR: Blog not found: ID 80, Slug: %D9%85%D9%82%D8%A7%D9%84%D9%87-%D8%A8%D8%B1%D8%A7%DB%8C-%D8%B2%DB%8C%D9%86%D8%A8-%D8%A7%D8%AD%D9%85%D8%AF%DB%8C [] []
[2024-11-24T09:06:54.541725+01:00] blog_service.ERROR: Blog not found: ID 8, Slug: %D9%85%D9%82%D8%A7%D9%84%D9%87-%D8%A8%D8%B1%D8%A7%DB%8Ckjk-%D8%B2%DB%8C%D9%86%D8%A8-%D8%A7%D8%AD%D9%85%D8%AF%DB%8C [] []
[2024-11-24T09:07:15.249856+01:00] blog_category_service.ERROR: Category not found: ID 12, Slug: %D8%B9%D9%85%D9%88%D9%85%DB%8C [] []
[2024-11-24T09:28:59.430346+01:00] blog_category_service.ERROR: Category not found: ID 12, Slug: %D8%B9%D9%85%D9%88%D9%85%DB%8C [] []
[2024-11-24T09:30:18.451192+01:00] course_service.ERROR: Course not found: ID 100, Slug: %D8%AF%D9%88%D8%B1%D9%87-%D8%A2%D9%85%D9%88%D8%B2%D8%B4%DB%8C-%D9%85%D8%AA%D8%AE%D8%B5%D8%B5-%D9%81%D8%B1%D8%A7%D9%86%D8%AA-%D8%A7%D9%86%D8%AF [] []
[2024-11-24T09:31:27.568357+01:00] course_service.ERROR: Course not found: ID 1, Slug: %D8%AF%D9%88%D8%B1%D9%87-%D8%A2%D9%854545%D9%88%D8%B2%D8%B4%DB%8C-%D9%85%D8%AA%D8%AE%D8%B5%D8%B5-%D9%81%D8%B1%D8%A7%D9%86%D8%AA-%D8%A7%D9%86%D8%AF [] []
[2024-11-24T09:33:20.092694+01:00] course_service.ERROR: Course not found: ID 100, Slug: %D8%AF%D9%88%D8%B1%D9%87-%D8%A2%D9%85%D9%88%D8%B2%D8%B4%DB%8C-%D9%85%D8%AA%D8%AE%D8%B5%D8%B5-%D9%81%D8%B1%D8%A7%D9%86%D8%AA-%D8%A7%D9%86%D8%AF [] []
[2024-11-24T09:33:36.053261+01:00] course_service.ERROR: Course not found: ID 1, Slug: %D8%AF%D9%88%D8%B1%D9%87-%D8%A2%D9%85%D9%88%D8%B2%D8%B4%DB%8C-%D9%85%D8%AA%D8%AE%D8%B3%DB%8C%D8%B4%D8%B5%D8%B5-%D9%81%D8%B1%D8%A7%D9%86%D8%AA-%D8%A7%D9%86%D8%AF [] []
[2024-11-24T09:36:32.570841+01:00] blog_category_service.ERROR: Category not found: ID 10, Slug: %D8%A8%D8%B1%D9%86%D8%A7%D9%85%D9%87-%D9%86%D9%88%DB%8C%D8%B3%DB%8C-%D9%81%D8%B1%D8%A7%D9%86%D8%AA-%D8%A7%D9%86%D8%AF [] []
[2024-11-24T09:36:40.546986+01:00] blog_category_service.ERROR: Category not found: ID 1, Slug: %D8%A8%D8%B1%D9%86%D8%A7%D9%85%D9%87-%D9%86%D8%B3%D9%88%DB%8C%D8%B3%DB%8C-%D9%81%D8%B1%D8%A7%D9%86%D8%AA-%D8%A7%D9%86%D8%AF [] []
[2024-11-24T09:39:08.682043+01:00] blog_category_service.ERROR: Category not found: ID 10, Slug: %D8%A8%D8%B1%D9%86%D8%A7%D9%85%D9%87-%D9%86%D9%88%DB%8C%D8%B3%DB%8C-%D9%81%D8%B1%D8%A7%D9%86%D8%AA-%D8%A7%D9%86%D8%AF [] []
[2024-11-24T09:45:33.263155+01:00] blog_category_service.ERROR: Category not found: ID 10, Slug: %D8%A8%D8%B1%D9%86%D8%A7%D9%85%D9%87-%D9%86%D9%88%DB%8C%D8%B3%DB%8C-%D9%81%D8%B1%D8%A7%D9%86%D8%AA-%D8%A7%D9%86%D8%AF [] []
[2024-11-25T13:50:29.229580+01:00] author_service.ERROR: Course intro not found: ID 3 [] []
[2024-11-25T13:50:29.383622+01:00] author_service.ERROR: Course videos not found: ID 3 [] []
[2024-11-25T14:19:20.553485+01:00] author_service.ERROR: Course intro not found: ID 3 [] []
[2024-11-25T14:19:20.571122+01:00] author_service.ERROR: Course videos not found: ID 3 [] []
[2024-11-25T14:19:24.235308+01:00] author_service.ERROR: Course intro not found: ID 3 [] []
[2024-11-25T14:19:24.247308+01:00] author_service.ERROR: Course videos not found: ID 3 [] []
[2024-11-25T14:24:50.486696+01:00] author_service.ERROR: Course not found: ID 11 [] []
[2024-11-25T14:30:58.440497+01:00] author_service.ERROR: Course intro not found: ID 3 [] []
[2024-11-25T14:30:58.445165+01:00] author_service.ERROR: Course videos not found: ID 3 [] []
[2024-11-25T14:31:10.625590+01:00] author_service.ERROR: Course intro not found: ID 3 [] []
[2024-11-25T14:31:10.635800+01:00] author_service.ERROR: Course videos not found: ID 3 [] []
[2024-11-25T14:31:19.265006+01:00] author_service.ERROR: Course intro not found: ID 3 [] []
[2024-11-25T14:31:19.303814+01:00] author_service.ERROR: Course videos not found: ID 3 [] []
[2024-11-25T14:36:28.528056+01:00] author_service.ERROR: Course intro not found: ID 3 [] []
[2024-11-25T14:36:28.531712+01:00] author_service.ERROR: Course videos not found: ID 3 [] []
[2024-11-25T14:36:50.828009+01:00] author_service.ERROR: Course intro not found: ID 3 [] []
[2024-11-25T14:36:50.839746+01:00] author_service.ERROR: Course videos not found: ID 3 [] []
[2024-11-25T14:36:56.399021+01:00] author_service.ERROR: Course intro not found: ID 3 [] []
[2024-11-25T14:36:56.409763+01:00] author_service.ERROR: Course videos not found: ID 3 [] []
[2024-11-25T14:45:11.739509+01:00] author_service.ERROR: Course intro not found: ID 3 [] []
[2024-11-25T14:45:11.754795+01:00] author_service.ERROR: Course videos not found: ID 3 [] []
[2024-11-25T14:45:39.336988+01:00] author_service.ERROR: Course intro not found: ID 3 [] []
[2024-11-25T14:45:39.350144+01:00] author_service.ERROR: Course videos not found: ID 3 [] []
[2024-11-25T14:49:33.828008+01:00] author_service.ERROR: Course intro not found: ID 3 [] []
[2024-11-25T14:49:33.858226+01:00] author_service.ERROR: Course videos not found: ID 3 [] []
[2024-11-25T15:55:27.223838+01:00] author_service.ERROR: Course intro not found: ID 3 [] []
[2024-11-25T15:55:27.364958+01:00] author_service.ERROR: Course videos not found: ID 3 [] []
[2024-11-25T15:55:30.404296+01:00] author_service.ERROR: Course intro not found: ID 3 [] []
[2024-11-25T15:55:30.415639+01:00] author_service.ERROR: Course videos not found: ID 3 [] []
[2024-11-25T15:55:33.659026+01:00] author_service.ERROR: Course intro not found: ID 3 [] []
[2024-11-25T15:55:33.669931+01:00] author_service.ERROR: Course videos not found: ID 3 [] []
[2024-11-25T15:56:16.787846+01:00] author_service.ERROR: Course intro not found: ID 3 [] []
[2024-11-25T15:56:16.797715+01:00] author_service.ERROR: Course videos not found: ID 3 [] []
[2024-11-25T15:56:19.613624+01:00] author_service.ERROR: Course intro not found: ID 3 [] []
[2024-11-25T15:56:19.618296+01:00] author_service.ERROR: Course videos not found: ID 3 [] []
[2024-11-25T15:56:22.081774+01:00] author_service.ERROR: Course intro not found: ID 3 [] []
[2024-11-25T15:56:22.092661+01:00] author_service.ERROR: Course videos not found: ID 3 [] []
[2024-11-25T15:59:48.347640+01:00] author_service.ERROR: Course intro not found: ID 3 [] []
[2024-11-25T15:59:48.356117+01:00] author_service.ERROR: Course videos not found: ID 3 [] []
[2024-11-25T16:01:19.665791+01:00] author_service.ERROR: Course intro not found: ID 3 [] []
[2024-11-25T16:01:19.680222+01:00] author_service.ERROR: Course videos not found: ID 3 [] []
[2024-11-25T16:42:29.312669+01:00] author_service.ERROR: Course intro not found: ID 3 [] []
[2024-11-25T16:42:29.321267+01:00] author_service.ERROR: Course videos not found: ID 3 [] []
[2024-11-25T16:42:37.069974+01:00] author_service.ERROR: Course intro not found: ID 3 [] []
[2024-11-25T16:42:37.092484+01:00] author_service.ERROR: Course videos not found: ID 3 [] []
[2024-11-25T16:46:52.416044+01:00] author_service.ERROR: Course intro not found: ID 3 [] []
[2024-11-25T16:46:52.431046+01:00] author_service.ERROR: Course videos not found: ID 3 [] []
[2024-11-25T16:48:28.408258+01:00] author_service.ERROR: Course intro not found: ID 3 [] []
[2024-11-25T16:48:28.412300+01:00] author_service.ERROR: Course videos not found: ID 3 [] []
[2024-11-25T16:48:36.208729+01:00] author_service.ERROR: Course intro not found: ID 3 [] []
[2024-11-25T16:48:36.218430+01:00] author_service.ERROR: Course videos not found: ID 3 [] []
[2024-11-25T16:48:49.054138+01:00] author_service.ERROR: Course intro not found: ID 3 [] []
[2024-11-25T16:48:49.061065+01:00] author_service.ERROR: Course videos not found: ID 3 [] []
[2024-11-25T16:49:22.000270+01:00] author_service.ERROR: Course intro not found: ID 3 [] []
[2024-11-25T16:49:22.013680+01:00] author_service.ERROR: Course videos not found: ID 3 [] []
[2024-11-25T16:49:24.132079+01:00] author_service.ERROR: Course intro not found: ID 3 [] []
[2024-11-25T16:49:24.144754+01:00] author_service.ERROR: Course videos not found: ID 3 [] []
[2024-11-25T16:49:25.767288+01:00] author_service.ERROR: Course intro not found: ID 3 [] []
[2024-11-25T16:49:25.813769+01:00] author_service.ERROR: Course videos not found: ID 3 [] []
[2024-11-25T16:49:33.650574+01:00] author_service.ERROR: Course intro not found: ID 3 [] []
[2024-11-25T16:49:33.678770+01:00] author_service.ERROR: Course videos not found: ID 3 [] []
[2024-11-25T16:49:38.300358+01:00] author_service.ERROR: Course intro not found: ID 3 [] []
[2024-11-25T16:49:38.313642+01:00] author_service.ERROR: Course videos not found: ID 3 [] []
[2024-11-25T16:54:33.122469+01:00] author_service.ERROR: Course intro not found: ID 3 [] []
[2024-11-25T16:54:33.139602+01:00] author_service.ERROR: Course videos not found: ID 3 [] []
[2024-11-25T16:54:36.439499+01:00] author_service.ERROR: Course intro not found: ID 3 [] []
[2024-11-25T16:54:36.463548+01:00] author_service.ERROR: Course videos not found: ID 3 [] []
[2024-11-25T16:55:05.986027+01:00] author_service.ERROR: Course intro not found: ID 3 [] []
[2024-11-25T16:55:05.994589+01:00] author_service.ERROR: Course videos not found: ID 3 [] []
[2024-11-25T16:55:08.531516+01:00] author_service.ERROR: Course intro not found: ID 3 [] []
[2024-11-25T16:55:08.538533+01:00] author_service.ERROR: Course videos not found: ID 3 [] []
[2024-11-25T16:55:10.771055+01:00] author_service.ERROR: Course intro not found: ID 3 [] []
[2024-11-25T16:55:10.778183+01:00] author_service.ERROR: Course videos not found: ID 3 [] []
[2024-11-25T16:55:58.906656+01:00] author_service.ERROR: Course intro not found: ID 3 [] []
[2024-11-25T16:55:58.912803+01:00] author_service.ERROR: Course videos not found: ID 3 [] []
[2024-11-25T16:56:03.103971+01:00] author_service.ERROR: Course intro not found: ID 3 [] []
[2024-11-25T16:56:03.108915+01:00] author_service.ERROR: Course videos not found: ID 3 [] []
[2024-11-25T16:56:09.354587+01:00] author_service.ERROR: Course intro not found: ID 3 [] []
[2024-11-25T16:56:09.360937+01:00] author_service.ERROR: Course videos not found: ID 3 [] []
[2024-11-25T16:56:12.369417+01:00] author_service.ERROR: Course intro not found: ID 3 [] []
[2024-11-25T16:56:12.382556+01:00] author_service.ERROR: Course videos not found: ID 3 [] []
[2024-11-25T16:58:24.055177+01:00] author_service.ERROR: Course intro not found: ID 3 [] []
[2024-11-25T16:58:24.061964+01:00] author_service.ERROR: Course videos not found: ID 3 [] []
[2024-11-25T16:58:26.745910+01:00] author_service.ERROR: Course intro not found: ID 3 [] []
[2024-11-25T16:58:26.755406+01:00] author_service.ERROR: Course videos not found: ID 3 [] []
[2024-11-25T16:58:31.923050+01:00] author_service.ERROR: Course intro not found: ID 3 [] []
[2024-11-25T16:58:31.926894+01:00] author_service.ERROR: Course videos not found: ID 3 [] []
[2024-11-25T16:58:34.896797+01:00] author_service.ERROR: Course intro not found: ID 3 [] []
[2024-11-25T16:58:34.915945+01:00] author_service.ERROR: Course videos not found: ID 3 [] []
[2024-11-25T16:58:59.624395+01:00] author_service.ERROR: Course intro not found: ID 3 [] []
[2024-11-25T16:58:59.630633+01:00] author_service.ERROR: Course videos not found: ID 3 [] []
[2024-11-25T16:59:02.769388+01:00] author_service.ERROR: Course intro not found: ID 3 [] []
[2024-11-25T16:59:02.777471+01:00] author_service.ERROR: Course videos not found: ID 3 [] []
[2024-11-25T16:59:05.416617+01:00] author_service.ERROR: Course intro not found: ID 3 [] []
[2024-11-25T16:59:05.422310+01:00] author_service.ERROR: Course videos not found: ID 3 [] []
[2024-11-25T16:59:23.978409+01:00] author_service.ERROR: Course intro not found: ID 3 [] []
[2024-11-25T16:59:23.984035+01:00] author_service.ERROR: Course videos not found: ID 3 [] []
[2024-11-25T16:59:27.592146+01:00] author_service.ERROR: Course intro not found: ID 3 [] []
[2024-11-25T16:59:27.596106+01:00] author_service.ERROR: Course videos not found: ID 3 [] []
[2024-11-25T16:59:30.049466+01:00] author_service.ERROR: Course intro not found: ID 3 [] []
[2024-11-25T16:59:30.060358+01:00] author_service.ERROR: Course videos not found: ID 3 [] []
[2024-11-25T16:59:57.061833+01:00] author_service.ERROR: Course intro not found: ID 3 [] []
[2024-11-25T16:59:57.069879+01:00] author_service.ERROR: Course videos not found: ID 3 [] []
[2024-11-25T16:59:59.930453+01:00] author_service.ERROR: Course intro not found: ID 3 [] []
[2024-11-25T16:59:59.937487+01:00] author_service.ERROR: Course videos not found: ID 3 [] []
[2024-11-25T17:00:02.337209+01:00] author_service.ERROR: Course intro not found: ID 3 [] []
[2024-11-25T17:00:02.340881+01:00] author_service.ERROR: Course videos not found: ID 3 [] []
[2024-11-25T17:00:40.532106+01:00] author_service.ERROR: Course intro not found: ID 3 [] []
[2024-11-25T17:00:40.547290+01:00] author_service.ERROR: Course videos not found: ID 3 [] []
[2024-11-25T17:00:43.033573+01:00] author_service.ERROR: Course intro not found: ID 3 [] []
[2024-11-25T17:00:43.044334+01:00] author_service.ERROR: Course videos not found: ID 3 [] []
[2024-11-25T17:02:00.012980+01:00] author_service.ERROR: Course intro not found: ID 3 [] []
[2024-11-25T17:02:00.019134+01:00] author_service.ERROR: Course videos not found: ID 3 [] []
[2024-11-25T17:04:16.924695+01:00] author_service.ERROR: Course intro not found: ID 3 [] []
[2024-11-25T17:04:16.939021+01:00] author_service.ERROR: Course videos not found: ID 3 [] []
[2024-11-25T17:04:26.075611+01:00] author_service.ERROR: Course intro not found: ID 3 [] []
[2024-11-25T17:04:26.092683+01:00] author_service.ERROR: Course videos not found: ID 3 [] []
[2024-11-25T17:04:29.853745+01:00] author_service.ERROR: Course intro not found: ID 3 [] []
[2024-11-25T17:04:29.875251+01:00] author_service.ERROR: Course videos not found: ID 3 [] []
[2024-11-25T17:18:40.165524+01:00] author_service.ERROR: Course intro not found: ID 3 [] []
[2024-11-25T17:18:40.187005+01:00] author_service.ERROR: Course videos not found: ID 3 [] []
[2024-11-25T17:18:44.790329+01:00] author_service.ERROR: Course intro not found: ID 3 [] []
[2024-11-25T17:18:44.804313+01:00] author_service.ERROR: Course videos not found: ID 3 [] []
[2024-11-25T17:18:47.706818+01:00] author_service.ERROR: Course intro not found: ID 3 [] []
[2024-11-25T17:18:47.719146+01:00] author_service.ERROR: Course videos not found: ID 3 [] []
[2024-11-25T17:26:30.900700+01:00] author_service.ERROR: Course intro not found: ID 3 [] []
[2024-11-25T17:26:30.930435+01:00] author_service.ERROR: Course videos not found: ID 3 [] []
[2024-11-25T17:33:42.266442+01:00] author_service.ERROR: Course intro not found: ID 3 [] []
[2024-11-25T17:33:42.292679+01:00] author_service.ERROR: Course videos not found: ID 3 [] []
[2024-11-25T17:33:46.655916+01:00] author_service.ERROR: Course intro not found: ID 3 [] []
[2024-11-25T17:33:46.665534+01:00] author_service.ERROR: Course videos not found: ID 3 [] []
[2024-11-25T17:38:20.866875+01:00] author_service.ERROR: Course intro not found: ID 3 [] []
[2024-11-25T17:38:20.870901+01:00] author_service.ERROR: Course videos not found: ID 3 [] []
[2024-11-25T17:39:02.365536+01:00] author_service.ERROR: Course intro not found: ID 3 [] []
[2024-11-25T17:39:02.388737+01:00] author_service.ERROR: Course videos not found: ID 3 [] []
[2024-11-25T17:41:30.451337+01:00] author_service.ERROR: Course intro not found: ID 3 [] []
[2024-11-25T17:41:30.461037+01:00] author_service.ERROR: Course videos not found: ID 3 [] []
[2024-11-25T17:41:52.346087+01:00] author_service.ERROR: Course intro not found: ID 3 [] []
[2024-11-25T17:41:52.351396+01:00] author_service.ERROR: Course videos not found: ID 3 [] []
[2024-11-25T17:42:30.311454+01:00] author_service.ERROR: Course intro not found: ID 3 [] []
[2024-11-25T17:42:30.342604+01:00] author_service.ERROR: Course videos not found: ID 3 [] []
[2024-11-26T08:32:31.432008+01:00] author_service.ERROR: Course intro not found: ID 3 [] []
[2024-11-26T08:32:31.520940+01:00] author_service.ERROR: Course videos not found: ID 3 [] []
[2024-11-26T08:32:38.055874+01:00] author_service.ERROR: Course intro not found: ID 3 [] []
[2024-11-26T08:32:38.062320+01:00] author_service.ERROR: Course videos not found: ID 3 [] []
[2024-11-26T08:32:41.012230+01:00] author_service.ERROR: Course intro not found: ID 3 [] []
[2024-11-26T08:32:41.035788+01:00] author_service.ERROR: Course videos not found: ID 3 [] []
[2024-11-26T08:59:50.787641+01:00] author_service.ERROR: Course intro not found: ID 3 [] []
[2024-11-26T08:59:50.802971+01:00] author_service.ERROR: Course videos not found: ID 3 [] []
[2024-11-26T08:59:56.018084+01:00] author_service.ERROR: Course intro not found: ID 3 [] []
[2024-11-26T08:59:56.023519+01:00] author_service.ERROR: Course videos not found: ID 3 [] []
[2024-11-26T09:00:00.605430+01:00] author_service.ERROR: Course intro not found: ID 3 [] []
[2024-11-26T09:00:00.621077+01:00] author_service.ERROR: Course videos not found: ID 3 [] []
[2024-11-26T09:15:07.063194+01:00] author_service.ERROR: Course intro not found: ID 3 [] []
[2024-11-26T09:15:07.104181+01:00] author_service.ERROR: Course videos not found: ID 3 [] []
[2024-11-26T09:15:11.252138+01:00] author_service.ERROR: Course intro not found: ID 3 [] []
[2024-11-26T09:15:11.266432+01:00] author_service.ERROR: Course videos not found: ID 3 [] []
[2024-11-26T09:15:15.160586+01:00] author_service.ERROR: Course intro not found: ID 3 [] []
[2024-11-26T09:15:15.167998+01:00] author_service.ERROR: Course videos not found: ID 3 [] []
[2024-11-26T09:43:18.167011+01:00] author_service.ERROR: Course intro not found: ID 3 [] []
[2024-11-26T09:43:18.171738+01:00] author_service.ERROR: Course videos not found: ID 3 [] []
[2024-11-26T09:46:06.521259+01:00] author_service.ERROR: Course intro not found: ID 3 [] []
[2024-11-26T09:46:06.526721+01:00] author_service.ERROR: Course videos not found: ID 3 [] []
[2024-11-26T09:52:35.088510+01:00] author_service.ERROR: Course intro not found: ID 3 [] []
[2024-11-26T09:52:35.116452+01:00] author_service.ERROR: Course videos not found: ID 3 [] []
[2024-11-26T09:53:16.779666+01:00] author_service.ERROR: Course intro not found: ID 3 [] []
[2024-11-26T09:53:16.785924+01:00] author_service.ERROR: Course videos not found: ID 3 [] []
[2024-11-26T09:54:16.064484+01:00] author_service.ERROR: Course intro not found: ID 3 [] []
[2024-11-26T09:54:16.074109+01:00] author_service.ERROR: Course videos not found: ID 3 [] []
[2024-11-26T09:54:21.192947+01:00] author_service.ERROR: Course intro not found: ID 3 [] []
[2024-11-26T09:54:21.210563+01:00] author_service.ERROR: Course videos not found: ID 3 [] []
[2024-11-26T09:54:22.440552+01:00] author_service.ERROR: Course intro not found: ID 3 [] []
[2024-11-26T09:54:22.458070+01:00] author_service.ERROR: Course videos not found: ID 3 [] []
[2024-11-26T09:55:36.592839+01:00] author_service.ERROR: Course intro not found: ID 3 [] []
[2024-11-26T09:55:36.596652+01:00] author_service.ERROR: Course videos not found: ID 3 [] []
[2024-11-26T10:00:10.084993+01:00] author_service.ERROR: Course intro not found: ID 3 [] []
[2024-11-26T10:00:10.105904+01:00] author_service.ERROR: Course videos not found: ID 3 [] []
[2024-11-26T10:00:15.268411+01:00] author_service.ERROR: Course intro not found: ID 3 [] []
[2024-11-26T10:00:15.273036+01:00] author_service.ERROR: Course videos not found: ID 3 [] []
[2024-11-26T10:16:55.030436+01:00] author_service.ERROR: Course intro not found: ID 3 [] []
[2024-11-26T10:16:55.042955+01:00] author_service.ERROR: Course videos not found: ID 3 [] []
[2024-11-26T10:24:15.934344+01:00] author_service.ERROR: Course not found: ID 100 [] []
[2024-11-26T10:24:38.874098+01:00] author_service.ERROR: Product not found: ID 32 [] []
[2024-11-26T10:26:22.365914+01:00] author_service.ERROR: Product not found: ID 32 [] []
[2024-11-26T10:26:38.239183+01:00] author_service.ERROR: Color not found: ID  [] []
[2024-11-26T11:01:57.714689+01:00] author_service.ERROR: Course intro not found: ID 3 [] []
[2024-11-26T11:01:57.847475+01:00] author_service.ERROR: Course videos not found: ID 3 [] []
[2024-11-26T11:02:01.614787+01:00] author_service.ERROR: Course intro not found: ID 3 [] []
[2024-11-26T11:02:01.622356+01:00] author_service.ERROR: Course videos not found: ID 3 [] []
[2024-11-26T11:21:28.807990+01:00] author_service.ERROR: Product not found: ID 30 [] []
[2024-11-26T11:21:36.712806+01:00] author_service.ERROR: Color not found: ID  [] []
[2024-11-26T12:14:28.959572+01:00] author_service.ERROR: Course intro not found: ID 3 [] []
[2024-11-26T12:14:28.979797+01:00] author_service.ERROR: Course videos not found: ID 3 [] []
[2024-11-26T12:14:31.077376+01:00] author_service.ERROR: Course intro not found: ID 3 [] []
[2024-11-26T12:14:31.083864+01:00] author_service.ERROR: Course videos not found: ID 3 [] []
[2024-11-26T12:14:36.649506+01:00] author_service.ERROR: Course intro not found: ID 3 [] []
[2024-11-26T12:14:36.660635+01:00] author_service.ERROR: Course videos not found: ID 3 [] []
[2024-11-26T15:13:17.245007+01:00] author_service.ERROR: Course intro not found: ID 3 [] []
[2024-11-26T15:13:17.309470+01:00] author_service.ERROR: Course videos not found: ID 3 [] []
[2024-11-26T15:13:19.777459+01:00] author_service.ERROR: Course intro not found: ID 3 [] []
[2024-11-26T15:13:19.784707+01:00] author_service.ERROR: Course videos not found: ID 3 [] []
[2024-11-26T15:43:17.942561+01:00] author_service.ERROR: Course intro not found: ID 3 [] []
[2024-11-26T15:43:17.957528+01:00] author_service.ERROR: Course videos not found: ID 3 [] []
[2024-11-26T15:43:20.294033+01:00] author_service.ERROR: Course intro not found: ID 3 [] []
[2024-11-26T15:43:20.307117+01:00] author_service.ERROR: Course videos not found: ID 3 [] []
[2024-11-26T16:18:54.319055+01:00] author_service.ERROR: Course intro not found: ID 3 [] []
[2024-11-26T16:18:54.340905+01:00] author_service.ERROR: Course videos not found: ID 3 [] []
[2024-11-26T16:18:57.300206+01:00] author_service.ERROR: Course intro not found: ID 3 [] []
[2024-11-26T16:18:57.304243+01:00] author_service.ERROR: Course videos not found: ID 3 [] []
[2024-11-27T09:29:22.257433+01:00] author_service.ERROR: Course intro not found: ID 3 [] []
[2024-11-27T09:29:22.395525+01:00] author_service.ERROR: Course videos not found: ID 3 [] []
[2024-11-27T09:29:24.722901+01:00] author_service.ERROR: Course intro not found: ID 3 [] []
[2024-11-27T09:29:24.728438+01:00] author_service.ERROR: Course videos not found: ID 3 [] []
[2024-11-27T09:46:13.022441+01:00] author_service.ERROR: Course intro not found: ID 3 [] []
[2024-11-27T09:46:13.028639+01:00] author_service.ERROR: Course videos not found: ID 3 [] []
[2024-11-27T09:46:14.636864+01:00] author_service.ERROR: Course intro not found: ID 3 [] []
[2024-11-27T09:46:14.657663+01:00] author_service.ERROR: Course videos not found: ID 3 [] []
[2024-11-27T09:47:28.121573+01:00] author_service.ERROR: Course intro not found: ID 3 [] []
[2024-11-27T09:47:28.132226+01:00] author_service.ERROR: Course videos not found: ID 3 [] []
[2024-11-27T09:47:30.383477+01:00] author_service.ERROR: Course intro not found: ID 3 [] []
[2024-11-27T09:47:30.387657+01:00] author_service.ERROR: Course videos not found: ID 3 [] []
[2024-11-27T09:48:00.888319+01:00] author_service.ERROR: Course intro not found: ID 3 [] []
[2024-11-27T09:48:00.892033+01:00] author_service.ERROR: Course videos not found: ID 3 [] []
[2024-11-27T09:49:02.718519+01:00] author_service.ERROR: Course intro not found: ID 3 [] []
[2024-11-27T09:49:02.725003+01:00] author_service.ERROR: Course videos not found: ID 3 [] []
[2024-11-27T09:49:06.550623+01:00] author_service.ERROR: Course intro not found: ID 3 [] []
[2024-11-27T09:49:06.560401+01:00] author_service.ERROR: Course videos not found: ID 3 [] []
[2024-11-27T09:49:17.337637+01:00] author_service.ERROR: Course intro not found: ID 3 [] []
[2024-11-27T09:49:17.345689+01:00] author_service.ERROR: Course videos not found: ID 3 [] []
[2024-11-27T09:49:18.989179+01:00] author_service.ERROR: Course intro not found: ID 3 [] []
[2024-11-27T09:49:19.012936+01:00] author_service.ERROR: Course videos not found: ID 3 [] []
SQLSTATE[42S02]: Base table or view not found: 1146 Table 'db_devminds.tbl_users' doesn't exist[2024-11-27T15:16:25.559437+01:00] author_service.ERROR: Course intro not found: ID 3 [] []
[2024-11-27T15:16:25.575497+01:00] author_service.ERROR: Course videos not found: ID 3 [] []
[2024-11-28T09:20:22.167773+01:00] author_service.ERROR: Course intro not found: ID 3 [] []
[2024-11-28T09:20:22.505179+01:00] author_service.ERROR: Course videos not found: ID 3 [] []
[2024-11-28T09:20:24.908633+01:00] author_service.ERROR: Course intro not found: ID 3 [] []
[2024-11-28T09:20:24.912688+01:00] author_service.ERROR: Course videos not found: ID 3 [] []
